[2025-12-07 21:40:40,011] 1025 httpx - INFO - HTTP Request: GET https://dagshub.com/api/v1/user "HTTP/1.1 200 OK"
[2025-12-07 21:40:40,014] 107 dagshub - INFO - Accessing as Bikaze
[2025-12-07 21:40:41,345] 1025 httpx - INFO - HTTP Request: GET https://dagshub.com/api/v1/repos/Bikaze/elo-project "HTTP/1.1 200 OK"
[2025-12-07 21:40:42,474] 1025 httpx - INFO - HTTP Request: GET https://dagshub.com/api/v1/user "HTTP/1.1 200 OK"
[2025-12-07 21:40:42,476] 107 dagshub - INFO - Initialized MLflow to track repo "Bikaze/elo-project"
[2025-12-07 21:40:42,477] 107 dagshub - INFO - Repository Bikaze/elo-project initialized!
[2025-12-07 21:40:55,317] 41 root - INFO - Start data Ingestion
[2025-12-07 21:42:20,336] 65 root - INFO - Performed train test split on the dataframe
[2025-12-07 21:42:20,336] 67 root - INFO - Exited split_data_as_train_test method of Data_Ingestion class
[2025-12-07 21:42:20,337] 75 root - INFO - Exporting train and test file path.
[2025-12-07 21:42:20,374] 84 root - INFO - Exported train and test file path.
[2025-12-07 21:42:20,375] 46 root - INFO - Data Ingestion completed and artifact: DataIngestionArtifact(trained_file_path='Artifacts\\12_07_2025_21_40_36\\data_ingestion\\ingested\\train.csv', test_file_path='Artifacts\\12_07_2025_21_40_36\\data_ingestion\\ingested\\test.csv')
[2025-12-07 21:42:20,379] 63 root - INFO - Initiate the data Validation
[2025-12-07 21:42:20,456] 33 root - INFO - Required number of columns:2
[2025-12-07 21:42:20,456] 34 root - INFO - Data frame has columns:31
[2025-12-07 21:42:20,456] 33 root - INFO - Required number of columns:2
[2025-12-07 21:42:20,456] 34 root - INFO - Data frame has columns:31
[2025-12-07 21:42:20,546] 62 root - INFO - Entered initiate_data_transformation method of DataTransformation class
[2025-12-07 21:42:20,546] 64 root - INFO - Starting data transformation
[2025-12-07 21:42:20,562] 47 root - INFO - Entered get_data_trnasformer_object method of Trnasformation class
[2025-12-07 21:42:20,562] 52 root - INFO - Initialise KNNImputer with {'missing_values': nan, 'n_neighbors': 3, 'weights': 'uniform'}
[2025-12-07 21:42:20,578] 47 root - INFO - Entered the save_object method of MainUtils class
[2025-12-07 21:42:20,580] 51 root - INFO - Exited the save_object method of MainUtils class
[2025-12-07 21:42:20,580] 47 root - INFO - Entered the save_object method of MainUtils class
[2025-12-07 21:42:20,582] 51 root - INFO - Exited the save_object method of MainUtils class
[2025-12-07 21:45:04,624] 47 root - INFO - Entered the save_object method of MainUtils class
[2025-12-07 21:45:04,639] 51 root - INFO - Exited the save_object method of MainUtils class
[2025-12-07 21:45:04,639] 47 root - INFO - Entered the save_object method of MainUtils class
[2025-12-07 21:45:04,655] 51 root - INFO - Exited the save_object method of MainUtils class
[2025-12-07 21:45:04,655] 170 root - INFO - Model trainer artifact: ModelTrainerArtifact(trained_model_file_path='Artifacts\\12_07_2025_21_40_36\\model_trainer\\trained_model\\model.pkl', train_metric_artifact=ClassificationMetricArtifact(f1_score=0.9916309450908348, precision_score=0.9908219457475015, recall_score=0.99244126659857), test_metric_artifact=ClassificationMetricArtifact(f1_score=0.9755905511811024, precision_score=0.9694835680751174, recall_score=0.9817749603803486))
